<?xml version="1.0" encoding="UTF-8"?>
<!-- Generated by org.testng.reporters.JUnitReportReporter -->
<testsuite hostname="DESKTOP-O90M1PQ" failures="0" tests="1" name="testScript.AdminUserTest" time="9.304" errors="0" timestamp="2025-06-19T20:51:14 IST" skipped="0">
  <testcase classname="testScript.AdminUserTest" name="addAdmin" time="9.304"/>
</testsuite> <!-- testScript.AdminUserTest -->
