<?xml version="1.0" encoding="UTF-8"?>
<!-- Generated by org.testng.reporters.JUnitReportReporter -->
<testsuite hostname="DESKTOP-O90M1PQ" failures="0" tests="4" name="testScript.LoginTest" time="20.810" errors="0" timestamp="2025-06-16T19:54:52 IST" skipped="0">
  <testcase classname="testScript.LoginTest" name="verifyAlertMessageIsComingOnGivingInvalidUsername" time="5.052"/>
  <testcase classname="testScript.LoginTest" name="verifyTheUserIsAbleToLoginUsingValidCredentials" time="4.803"/>
  <testcase classname="testScript.LoginTest" name="verifyAlertMessageIsComingOnGivingInvalidCredentials" time="6.436"/>
  <testcase classname="testScript.LoginTest" name="verifyAlertMessageIsComingOnGivingInvalidPassword" time="4.519"/>
</testsuite> <!-- testScript.LoginTest -->
