<?xml version="1.0" encoding="UTF-8"?>
<!-- Generated by org.testng.reporters.JUnitReportReporter -->
<testsuite hostname="DESKTOP-O90M1PQ" failures="0" tests="2" name="testScript.ManageNewsTest" time="23.382" errors="0" timestamp="2025-06-13T20:48:45 IST" skipped="0">
  <testcase classname="testScript.ManageNewsTest" name="addNews" time="11.683"/>
  <testcase classname="testScript.ManageNewsTest" name="addNews" time="11.699"/>
</testsuite> <!-- testScript.ManageNewsTest -->
