<?xml version="1.0" encoding="UTF-8"?>
<!-- Generated by org.testng.reporters.JUnitReportReporter -->
<testsuite hostname="DESKTOP-O90M1PQ" failures="0" tests="1" name="testScript.Login" time="8.082" errors="0" timestamp="2025-06-05T20:52:23 IST" skipped="0">
  <testcase classname="testScript.Login" name="bothInvalid" time="8.082"/>
</testsuite> <!-- testScript.Login -->
