<?xml version="1.0" encoding="UTF-8"?>
<!-- Generated by org.testng.reporters.JUnitReportReporter -->
<testsuite hostname="DESKTOP-O90M1PQ" failures="0" tests="1" name="testScript.ManageNewsTest" time="7.165" errors="0" timestamp="2025-06-16T19:54:52 IST" skipped="0">
  <testcase classname="testScript.ManageNewsTest" name="addNews" time="7.165"/>
</testsuite> <!-- testScript.ManageNewsTest -->
