<?xml version="1.0" encoding="UTF-8"?>
<!-- Generated by org.testng.reporters.JUnitReportReporter -->
<testsuite hostname="DESKTOP-O90M1PQ" failures="0" tests="1" name="testScript.AdminUserTest" time="12.609" errors="0" timestamp="2025-06-16T21:11:28 IST" skipped="0">
  <testcase classname="testScript.AdminUserTest" name="addAdmin" time="12.609"/>
</testsuite> <!-- testScript.AdminUserTest -->
